<?xml version="1.0" encoding="UTF-8"?>
<!-- Generated by org.testng.reporters.JUnitReportReporter -->
<testsuite hostname="LAPTOP-012R5GOL" name="org.test.A" tests="2" failures="0" timestamp="27 Jun 2020 09:09:24 GMT" time="0.021" errors="0">
  <testcase name="test3" time="0.019" classname="org.test.A"/>
  <testcase name="test4" time="0.002" classname="org.test.A"/>
</testsuite> <!-- org.test.A -->
