<?xml version="1.0" encoding="UTF-8"?>
<!-- Generated by org.testng.reporters.JUnitReportReporter -->
<testsuite hostname="LAPTOP-012R5GOL" name="org.test.Sample" tests="2" failures="0" timestamp="27 Jun 2020 09:09:24 GMT" time="0.006" errors="0">
  <testcase name="test1" time="0.003" classname="org.test.Sample"/>
  <testcase name="test2" time="0.003" classname="org.test.Sample"/>
</testsuite> <!-- org.test.Sample -->
